<?xml version="1.0" encoding="UTF-8"?>
<!-- Generated by org.testng.reporters.JUnitReportReporter -->
<testsuite hostname="DESKTOP-U6OK72A" failures="0" tests="5" name="Extend_Report.Sample1" time="0.020" errors="0" timestamp="2023-01-24T09:00:15 IST" skipped="0">
  <testcase classname="Extend_Report.Sample1" name="f2" time="0.002"/>
  <system-out/>
  <testcase classname="Extend_Report.Sample1" name="f4" time="0.001"/>
  <system-out/>
  <testcase classname="Extend_Report.Sample1" name="f3" time="0.002"/>
  <system-out/>
  <testcase classname="Extend_Report.Sample1" name="f5" time="0.001"/>
  <system-out/>
  <testcase classname="Extend_Report.Sample1" name="f1" time="0.014"/>
  <system-out/>
</testsuite> <!-- Extend_Report.Sample1 -->
